\BOOKMARK [1][]{section*.1}{\376\377\000S\000u\000m\000m\000a\000r\000y}{}% 1
\BOOKMARK [1][]{section*.2}{\376\377\000E\000d\000u\000c\000a\000t\000i\000o\000n}{}% 2
\BOOKMARK [1][]{section*.3}{\376\377\000P\000r\000o\000f\000e\000s\000s\000i\000o\000n\000a\000l\000\040\000A\000p\000p\000o\000i\000n\000t\000m\000e\000n\000t\000s}{}% 3
\BOOKMARK [1][]{section*.4}{\376\377\000P\000r\000e\000v\000i\000o\000u\000s\000\040\000C\000l\000i\000n\000i\000c\000a\000l\000\040\000A\000p\000p\000o\000i\000n\000t\000m\000e\000n\000t\000s}{}% 4
\BOOKMARK [1][]{section*.5}{\376\377\000A\000c\000a\000d\000e\000m\000i\000c\000\040\000a\000n\000d\000\040\000L\000e\000a\000d\000e\000r\000s\000h\000i\000p\000\040\000A\000p\000p\000o\000i\000n\000t\000m\000e\000n\000t\000s}{}% 5
\BOOKMARK [1][]{section*.6}{\376\377\000T\000e\000a\000c\000h\000i\000n\000g\000\040\000a\000n\000d\000\040\000T\000r\000a\000i\000n\000i\000n\000g}{}% 6
\BOOKMARK [2][]{section*.7}{\376\377\000U\000n\000d\000e\000r\000g\000r\000a\000d\000u\000a\000t\000e\000\040\000T\000e\000a\000c\000h\000i\000n\000g}{section*.6}% 7
\BOOKMARK [2][]{section*.8}{\376\377\000P\000o\000s\000t\000g\000r\000a\000d\000u\000a\000t\000e\000\040\000T\000e\000a\000c\000h\000i\000n\000g}{section*.6}% 8
\BOOKMARK [1][]{section*.9}{\376\377\000C\000l\000i\000n\000i\000c\000a\000l\000\040\000T\000r\000i\000a\000l\000s\000\040\000E\000x\000p\000e\000r\000i\000e\000n\000c\000e\000\040\000\050\000l\000a\000s\000t\000\040\0005\000\040\000y\000e\000a\000r\000s\000\051}{}% 9
\BOOKMARK [2][]{section*.10}{\376\377\000A\000l\000z\000h\000e\000i\000m\000e\000r\000'\000s\000\040\000D\000i\000s\000e\000a\000s\000e\000\040\000M\000o\000n\000o\000c\000l\000o\000n\000a\000l\000\040\000A\000n\000t\000i\000b\000o\000d\000i\000e\000s\000\040\000\050\000n\000=\0009\000\051}{section*.9}% 10
\BOOKMARK [2][]{section*.11}{\376\377\000O\000t\000h\000e\000r\000\040\000A\000l\000z\000h\000e\000i\000m\000e\000r\000'\000s\000\040\000D\000i\000s\000e\000a\000s\000e\000\040\000T\000h\000e\000r\000a\000p\000e\000u\000t\000i\000c\000s\000\040\000\050\000n\000=\0006\000\051}{section*.9}% 11
\BOOKMARK [2][]{section*.12}{\376\377\000N\000e\000u\000r\000o\000p\000s\000y\000c\000h\000i\000a\000t\000r\000i\000c\000\040\000S\000y\000m\000p\000t\000o\000m\000s\000\040\000\046\000\040\000D\000e\000p\000r\000e\000s\000s\000i\000o\000n\000\040\000\050\000n\000=\0005\000\051}{section*.9}% 12
\BOOKMARK [2][]{section*.13}{\376\377\000B\000i\000o\000m\000a\000r\000k\000e\000r\000,\000\040\000D\000i\000a\000g\000n\000o\000s\000t\000i\000c\000\040\000\046\000\040\000C\000o\000h\000o\000r\000t\000\040\000S\000t\000u\000d\000i\000e\000s\000\040\000\050\000n\000=\0008\000\051}{section*.9}% 13
\BOOKMARK [2][]{section*.14}{\376\377\000P\000l\000a\000t\000f\000o\000r\000m\000\040\000T\000r\000i\000a\000l\000s\000\040\000\046\000\040\000I\000n\000n\000o\000v\000a\000t\000i\000o\000n\000\040\000\050\000n\000=\0003\000\051}{section*.9}% 14
\BOOKMARK [1][]{section*.15}{\376\377\000G\000r\000a\000n\000t\000s\000\040\000a\000n\000d\000\040\000F\000u\000n\000d\000i\000n\000g}{}% 15
\BOOKMARK [1][]{section*.16}{\376\377\000A\000w\000a\000r\000d\000s\000\040\000a\000n\000d\000\040\000H\000o\000n\000o\000r\000s}{}% 16
\BOOKMARK [1][]{section*.17}{\376\377\000P\000u\000b\000l\000i\000c\000a\000t\000i\000o\000n\000s}{}% 17
\BOOKMARK [1][]{section*.18}{\376\377\000C\000o\000n\000f\000e\000r\000e\000n\000c\000e\000\040\000P\000r\000e\000s\000e\000n\000t\000a\000t\000i\000o\000n\000s\000\040\000\050\000L\000a\000s\000t\000\040\0005\000\040\000y\000e\000a\000r\000s\000\040\000s\000h\000o\000w\000n\000\051}{}% 18
\BOOKMARK [2][]{section*.19}{\376\377\000I\000n\000t\000e\000r\000n\000a\000t\000i\000o\000n\000a\000l}{section*.18}% 19
\BOOKMARK [2][]{section*.20}{\376\377\000N\000a\000t\000i\000o\000n\000a\000l\000\040\000\050\000U\000K\000\040\000a\000n\000d\000\040\000I\000r\000e\000l\000a\000n\000d\000\051}{section*.18}% 20
\BOOKMARK [1][]{section*.21}{\376\377\000P\000r\000o\000f\000e\000s\000s\000i\000o\000n\000a\000l\000\040\000M\000e\000m\000b\000e\000r\000s\000h\000i\000p\000s}{}% 21
\BOOKMARK [1][]{section*.22}{\376\377\000I\000n\000n\000o\000v\000a\000t\000i\000o\000n\000\040\000a\000n\000d\000\040\000S\000e\000r\000v\000i\000c\000e\000\040\000D\000e\000v\000e\000l\000o\000p\000m\000e\000n\000t}{}% 22
\BOOKMARK [1][]{section*.23}{\376\377\000R\000e\000s\000e\000a\000r\000c\000h\000\040\000S\000k\000i\000l\000l\000s\000\040\000a\000n\000d\000\040\000E\000x\000p\000e\000r\000t\000i\000s\000e}{}% 23
\BOOKMARK [2][]{section*.24}{\376\377\000C\000l\000i\000n\000i\000c\000a\000l\000\040\000T\000r\000i\000a\000l\000\040\000E\000x\000p\000e\000r\000i\000e\000n\000c\000e}{section*.23}% 24
\BOOKMARK [2][]{section*.25}{\376\377\000S\000t\000a\000t\000i\000s\000t\000i\000c\000s\000\040\000a\000n\000d\000\040\000C\000o\000m\000p\000u\000t\000i\000n\000g}{section*.23}% 25
\BOOKMARK [1][]{section*.26}{\376\377\000S\000o\000f\000t\000w\000a\000r\000e\000\040\000a\000n\000d\000\040\000T\000o\000o\000l\000s}{}% 26
\BOOKMARK [1][]{section*.27}{\376\377\000T\000r\000a\000i\000n\000i\000n\000g\000\040\000a\000n\000d\000\040\000P\000r\000o\000f\000e\000s\000s\000i\000o\000n\000a\000l\000\040\000D\000e\000v\000e\000l\000o\000p\000m\000e\000n\000t}{}% 27
\BOOKMARK [2][]{section*.28}{\376\377\000S\000t\000a\000t\000i\000s\000t\000i\000c\000a\000l\000\040\000a\000n\000d\000\040\000C\000o\000m\000p\000u\000t\000i\000n\000g\000\040\000C\000o\000u\000r\000s\000e\000s}{section*.27}% 28
\BOOKMARK [1][]{section*.29}{\376\377\000S\000e\000r\000v\000i\000c\000e\000\040\000a\000n\000d\000\040\000L\000e\000a\000d\000e\000r\000s\000h\000i\000p}{}% 29
\BOOKMARK [1][]{section*.30}{\376\377\000A\000c\000a\000d\000e\000m\000i\000c\000\040\000S\000e\000r\000v\000i\000c\000e}{}% 30
\BOOKMARK [1][]{section*.31}{\376\377\000P\000a\000t\000i\000e\000n\000t\000\040\000a\000n\000d\000\040\000P\000u\000b\000l\000i\000c\000\040\000E\000n\000g\000a\000g\000e\000m\000e\000n\000t}{}% 31
\BOOKMARK [1][]{section*.32}{\376\377\000C\000u\000r\000r\000e\000n\000t\000\040\000U\000n\000i\000v\000e\000r\000s\000i\000t\000y\000\040\000o\000f\000\040\000M\000a\000n\000c\000h\000e\000s\000t\000e\000r\000\040\000C\000o\000l\000l\000a\000b\000o\000r\000a\000t\000i\000o\000n\000s}{}% 32
\BOOKMARK [1][]{section*.33}{\376\377\000P\000r\000e\000s\000s\000\040\000a\000n\000d\000\040\000M\000e\000d\000i\000a}{}% 33
\BOOKMARK [1][]{section*.34}{\376\377\000D\000i\000s\000c\000l\000o\000s\000u\000r\000e\000s\000\040\000a\000n\000d\000\040\000I\000n\000d\000u\000s\000t\000r\000y\000\040\000C\000o\000n\000t\000a\000c\000t}{}% 34
\BOOKMARK [1][]{section*.35}{\376\377\000R\000e\000f\000e\000r\000e\000n\000c\000e\000s}{}% 35
